{
  "RSpec": {
    "coverage": {
      "/Users/ammar/Desktop/MA/week_10/db_server_tech_test/sinatra/browser_interface/app.rb": [
        1,
        1,
        1,
        1,
        null,
        null,
        1,
        1,
        1,
        null,
        null,
        1,
        null,
        null,
        1,
        1,
        null,
        null,
        1,
        null,
        null,
        null,
        1,
        null,
        null
      ],
      "/Users/ammar/Desktop/MA/week_10/db_server_tech_test/sinatra/browser_interface/lib/store.rb": [
        1,
        1,
        null,
        null,
        null,
        null,
        null,
        null,
        null,
        null,
        1,
        2,
        null,
        null,
        null,
        1,
        null,
        null,
        null,
        1,
        null,
        null,
        null,
        null
      ],
      "/Users/ammar/Desktop/MA/week_10/db_server_tech_test/sinatra/browser_interface/spec/features/test_spec.rb": [
        1,
        null,
        1,
        1,
        null,
        1,
        null,
        null,
        null,
        null,
        null,
        null,
        null,
        null,
        null,
        null,
        null,
        null,
        null,
        null,
        null,
        null,
        null,
        null,
        null
      ],
      "/Users/ammar/Desktop/MA/week_10/db_server_tech_test/sinatra/browser_interface/spec/units/test_spec.rb": [
        1,
        1,
        null,
        1,
        1,
        1,
        1,
        1,
        null,
        null,
        null,
        null
      ]
    },
    "timestamp": 1524587438
  }
}
